<?xml version="1.0" encoding="UTF-8"?>
<!-- Generated by org.testng.reporters.JUnitXMLReporter -->
<testsuite hostname="IITC-WS-QA33" ignored="0" name="Navigating to Aplava menu" tests="1" failures="0" timestamp="19 Jun 2018 05:11:09 GMT" time="0.001" errors="0">
  <testcase name="@BeforeTest initialize" time="0.0" classname="com.codebind.ValidateAplavamenu">
    <failure type="java.io.FileNotFoundException" message="C:\Users\mayur.choudhary\Desktop\Workspace1\maven-bind\src\main\java\resources (Access is denied)">
      <![CDATA[java.io.FileNotFoundException: C:\Users\mayur.choudhary\Desktop\Workspace1\maven-bind\src\main\java\resources (Access is denied)
at java.io.FileInputStream.open0(Native Method)
at java.io.FileInputStream.open(FileInputStream.java:195)
at java.io.FileInputStream.<init>(FileInputStream.java:138)
at java.io.FileInputStream.<init>(FileInputStream.java:93)
at resources.Base.initializeDriver(Base.java:26)
at com.codebind.ValidateAplavamenu.initialize(ValidateAplavamenu.java:29)
... Removed 28 stack frames]]>
    </failure>
  </testcase> <!-- @BeforeTest initialize -->
  <testcase name="@AfterTest drivercloser" time="0.0" classname="com.codebind.ValidateAplavamenu">
    <skipped/>
  </testcase> <!-- @AfterTest drivercloser -->
  <testcase name="basepagenavigation" time="0.0" classname="com.codebind.ValidateAplavamenu">
    <skipped/>
  </testcase> <!-- basepagenavigation -->
</testsuite> <!-- Navigating to Aplava menu -->
