<?xml version="1.0" encoding="UTF-8"?>
<!-- Generated by org.testng.reporters.JUnitXMLReporter -->
<testsuite hostname="CHMAYUR" ignored="0" name="Test" tests="3" failures="0" timestamp="07 Jun 2018 01:42:35 GMT" time="80.749" errors="0">
  <testcase name="basepagenavigation" time="0.481" classname="com.codebind.ValidateTitle"/>
  <testcase name="basepagenavigation" time="17.787" classname="com.codebind.Homepage"/>
  <testcase name="basepagenavigation" time="0.21" classname="com.codebind.ValidateAplavamenu"/>
</testsuite> <!-- Test -->
