<?xml version="1.0" encoding="UTF-8"?>
<!-- Generated by org.testng.reporters.JUnitXMLReporter -->
<testsuite hostname="IITC-WS-QA33" ignored="0" name="Validating title in the page" tests="1" failures="0" timestamp="19 Jun 2018 06:11:02 GMT" time="0.031" errors="0">
  <testcase name="@BeforeTest intialize" time="0.016" classname="com.codebind.ValidateTitle">
    <failure type="java.io.FileNotFoundException" message="C:\Users\mayur.choudhary\Desktop\Workspace1\maven-bind\src\main\java\resources (Access is denied)">
      <![CDATA[java.io.FileNotFoundException: C:\Users\mayur.choudhary\Desktop\Workspace1\maven-bind\src\main\java\resources (Access is denied)
at java.io.FileInputStream.open0(Native Method)
at java.io.FileInputStream.open(Unknown Source)
at java.io.FileInputStream.<init>(Unknown Source)
at java.io.FileInputStream.<init>(Unknown Source)
at resources.Base.initializeDriver(Base.java:26)
at com.codebind.ValidateTitle.intialize(ValidateTitle.java:24)
... Removed 24 stack frames]]>
    </failure>
  </testcase> <!-- @BeforeTest intialize -->
  <testcase name="@AfterTest drivercloser" time="0.0" classname="com.codebind.ValidateTitle">
    <skipped/>
  </testcase> <!-- @AfterTest drivercloser -->
  <testcase name="basepagenavigation" time="0.0" classname="com.codebind.ValidateTitle">
    <skipped/>
  </testcase> <!-- basepagenavigation -->
</testsuite> <!-- Validating title in the page -->
